Created by PLY version 3.11 (http://www.dabeaz.com/ply)

Unused terminals:

    ARROW
    ELSE
    FUN
    IF
    MATCH
    THEN
    WITH

Grammar

Rule 0     S' -> expression
Rule 1     expression -> LET IDENTIFIER EQUAL expression
Rule 2     expression -> expression PLUS expression
Rule 3     expression -> expression MINUS expression
Rule 4     expression -> expression TIMES expression
Rule 5     expression -> expression DIVIDE expression
Rule 6     expression -> NUMBER
Rule 7     expression -> IDENTIFIER
Rule 8     expression -> LPAREN expression RPAREN

Terminals, with rules where they appear

ARROW                : 
DIVIDE               : 5
ELSE                 : 
EQUAL                : 1
FUN                  : 
IDENTIFIER           : 1 7
IF                   : 
LET                  : 1
LPAREN               : 8
MATCH                : 
MINUS                : 3
NUMBER               : 6
PLUS                 : 2
RPAREN               : 8
THEN                 : 
TIMES                : 4
WITH                 : 
error                : 

Nonterminals, with rules where they appear

expression           : 1 2 2 3 3 4 4 5 5 8 0

Parsing method: LALR

state 0

    (0) S' -> . expression
    (1) expression -> . LET IDENTIFIER EQUAL expression
    (2) expression -> . expression PLUS expression
    (3) expression -> . expression MINUS expression
    (4) expression -> . expression TIMES expression
    (5) expression -> . expression DIVIDE expression
    (6) expression -> . NUMBER
    (7) expression -> . IDENTIFIER
    (8) expression -> . LPAREN expression RPAREN

    LET             shift and go to state 2
    NUMBER          shift and go to state 4
    IDENTIFIER      shift and go to state 3
    LPAREN          shift and go to state 5

    expression                     shift and go to state 1

state 1

    (0) S' -> expression .
    (2) expression -> expression . PLUS expression
    (3) expression -> expression . MINUS expression
    (4) expression -> expression . TIMES expression
    (5) expression -> expression . DIVIDE expression

    PLUS            shift and go to state 6
    MINUS           shift and go to state 7
    TIMES           shift and go to state 8
    DIVIDE          shift and go to state 9


state 2

    (1) expression -> LET . IDENTIFIER EQUAL expression

    IDENTIFIER      shift and go to state 10


state 3

    (7) expression -> IDENTIFIER .

    PLUS            reduce using rule 7 (expression -> IDENTIFIER .)
    MINUS           reduce using rule 7 (expression -> IDENTIFIER .)
    TIMES           reduce using rule 7 (expression -> IDENTIFIER .)
    DIVIDE          reduce using rule 7 (expression -> IDENTIFIER .)
    $end            reduce using rule 7 (expression -> IDENTIFIER .)
    RPAREN          reduce using rule 7 (expression -> IDENTIFIER .)


state 4

    (6) expression -> NUMBER .

    PLUS            reduce using rule 6 (expression -> NUMBER .)
    MINUS           reduce using rule 6 (expression -> NUMBER .)
    TIMES           reduce using rule 6 (expression -> NUMBER .)
    DIVIDE          reduce using rule 6 (expression -> NUMBER .)
    $end            reduce using rule 6 (expression -> NUMBER .)
    RPAREN          reduce using rule 6 (expression -> NUMBER .)


state 5

    (8) expression -> LPAREN . expression RPAREN
    (1) expression -> . LET IDENTIFIER EQUAL expression
    (2) expression -> . expression PLUS expression
    (3) expression -> . expression MINUS expression
    (4) expression -> . expression TIMES expression
    (5) expression -> . expression DIVIDE expression
    (6) expression -> . NUMBER
    (7) expression -> . IDENTIFIER
    (8) expression -> . LPAREN expression RPAREN

    LET             shift and go to state 2
    NUMBER          shift and go to state 4
    IDENTIFIER      shift and go to state 3
    LPAREN          shift and go to state 5

    expression                     shift and go to state 11

state 6

    (2) expression -> expression PLUS . expression
    (1) expression -> . LET IDENTIFIER EQUAL expression
    (2) expression -> . expression PLUS expression
    (3) expression -> . expression MINUS expression
    (4) expression -> . expression TIMES expression
    (5) expression -> . expression DIVIDE expression
    (6) expression -> . NUMBER
    (7) expression -> . IDENTIFIER
    (8) expression -> . LPAREN expression RPAREN

    LET             shift and go to state 2
    NUMBER          shift and go to state 4
    IDENTIFIER      shift and go to state 3
    LPAREN          shift and go to state 5

    expression                     shift and go to state 12

state 7

    (3) expression -> expression MINUS . expression
    (1) expression -> . LET IDENTIFIER EQUAL expression
    (2) expression -> . expression PLUS expression
    (3) expression -> . expression MINUS expression
    (4) expression -> . expression TIMES expression
    (5) expression -> . expression DIVIDE expression
    (6) expression -> . NUMBER
    (7) expression -> . IDENTIFIER
    (8) expression -> . LPAREN expression RPAREN

    LET             shift and go to state 2
    NUMBER          shift and go to state 4
    IDENTIFIER      shift and go to state 3
    LPAREN          shift and go to state 5

    expression                     shift and go to state 13

state 8

    (4) expression -> expression TIMES . expression
    (1) expression -> . LET IDENTIFIER EQUAL expression
    (2) expression -> . expression PLUS expression
    (3) expression -> . expression MINUS expression
    (4) expression -> . expression TIMES expression
    (5) expression -> . expression DIVIDE expression
    (6) expression -> . NUMBER
    (7) expression -> . IDENTIFIER
    (8) expression -> . LPAREN expression RPAREN

    LET             shift and go to state 2
    NUMBER          shift and go to state 4
    IDENTIFIER      shift and go to state 3
    LPAREN          shift and go to state 5

    expression                     shift and go to state 14

state 9

    (5) expression -> expression DIVIDE . expression
    (1) expression -> . LET IDENTIFIER EQUAL expression
    (2) expression -> . expression PLUS expression
    (3) expression -> . expression MINUS expression
    (4) expression -> . expression TIMES expression
    (5) expression -> . expression DIVIDE expression
    (6) expression -> . NUMBER
    (7) expression -> . IDENTIFIER
    (8) expression -> . LPAREN expression RPAREN

    LET             shift and go to state 2
    NUMBER          shift and go to state 4
    IDENTIFIER      shift and go to state 3
    LPAREN          shift and go to state 5

    expression                     shift and go to state 15

state 10

    (1) expression -> LET IDENTIFIER . EQUAL expression

    EQUAL           shift and go to state 16


state 11

    (8) expression -> LPAREN expression . RPAREN
    (2) expression -> expression . PLUS expression
    (3) expression -> expression . MINUS expression
    (4) expression -> expression . TIMES expression
    (5) expression -> expression . DIVIDE expression

    RPAREN          shift and go to state 17
    PLUS            shift and go to state 6
    MINUS           shift and go to state 7
    TIMES           shift and go to state 8
    DIVIDE          shift and go to state 9


state 12

    (2) expression -> expression PLUS expression .
    (2) expression -> expression . PLUS expression
    (3) expression -> expression . MINUS expression
    (4) expression -> expression . TIMES expression
    (5) expression -> expression . DIVIDE expression

  ! shift/reduce conflict for PLUS resolved as shift
  ! shift/reduce conflict for MINUS resolved as shift
  ! shift/reduce conflict for TIMES resolved as shift
  ! shift/reduce conflict for DIVIDE resolved as shift
    $end            reduce using rule 2 (expression -> expression PLUS expression .)
    RPAREN          reduce using rule 2 (expression -> expression PLUS expression .)
    PLUS            shift and go to state 6
    MINUS           shift and go to state 7
    TIMES           shift and go to state 8
    DIVIDE          shift and go to state 9

  ! PLUS            [ reduce using rule 2 (expression -> expression PLUS expression .) ]
  ! MINUS           [ reduce using rule 2 (expression -> expression PLUS expression .) ]
  ! TIMES           [ reduce using rule 2 (expression -> expression PLUS expression .) ]
  ! DIVIDE          [ reduce using rule 2 (expression -> expression PLUS expression .) ]


state 13

    (3) expression -> expression MINUS expression .
    (2) expression -> expression . PLUS expression
    (3) expression -> expression . MINUS expression
    (4) expression -> expression . TIMES expression
    (5) expression -> expression . DIVIDE expression

  ! shift/reduce conflict for PLUS resolved as shift
  ! shift/reduce conflict for MINUS resolved as shift
  ! shift/reduce conflict for TIMES resolved as shift
  ! shift/reduce conflict for DIVIDE resolved as shift
    $end            reduce using rule 3 (expression -> expression MINUS expression .)
    RPAREN          reduce using rule 3 (expression -> expression MINUS expression .)
    PLUS            shift and go to state 6
    MINUS           shift and go to state 7
    TIMES           shift and go to state 8
    DIVIDE          shift and go to state 9

  ! PLUS            [ reduce using rule 3 (expression -> expression MINUS expression .) ]
  ! MINUS           [ reduce using rule 3 (expression -> expression MINUS expression .) ]
  ! TIMES           [ reduce using rule 3 (expression -> expression MINUS expression .) ]
  ! DIVIDE          [ reduce using rule 3 (expression -> expression MINUS expression .) ]


state 14

    (4) expression -> expression TIMES expression .
    (2) expression -> expression . PLUS expression
    (3) expression -> expression . MINUS expression
    (4) expression -> expression . TIMES expression
    (5) expression -> expression . DIVIDE expression

  ! shift/reduce conflict for PLUS resolved as shift
  ! shift/reduce conflict for MINUS resolved as shift
  ! shift/reduce conflict for TIMES resolved as shift
  ! shift/reduce conflict for DIVIDE resolved as shift
    $end            reduce using rule 4 (expression -> expression TIMES expression .)
    RPAREN          reduce using rule 4 (expression -> expression TIMES expression .)
    PLUS            shift and go to state 6
    MINUS           shift and go to state 7
    TIMES           shift and go to state 8
    DIVIDE          shift and go to state 9

  ! PLUS            [ reduce using rule 4 (expression -> expression TIMES expression .) ]
  ! MINUS           [ reduce using rule 4 (expression -> expression TIMES expression .) ]
  ! TIMES           [ reduce using rule 4 (expression -> expression TIMES expression .) ]
  ! DIVIDE          [ reduce using rule 4 (expression -> expression TIMES expression .) ]


state 15

    (5) expression -> expression DIVIDE expression .
    (2) expression -> expression . PLUS expression
    (3) expression -> expression . MINUS expression
    (4) expression -> expression . TIMES expression
    (5) expression -> expression . DIVIDE expression

  ! shift/reduce conflict for PLUS resolved as shift
  ! shift/reduce conflict for MINUS resolved as shift
  ! shift/reduce conflict for TIMES resolved as shift
  ! shift/reduce conflict for DIVIDE resolved as shift
    $end            reduce using rule 5 (expression -> expression DIVIDE expression .)
    RPAREN          reduce using rule 5 (expression -> expression DIVIDE expression .)
    PLUS            shift and go to state 6
    MINUS           shift and go to state 7
    TIMES           shift and go to state 8
    DIVIDE          shift and go to state 9

  ! PLUS            [ reduce using rule 5 (expression -> expression DIVIDE expression .) ]
  ! MINUS           [ reduce using rule 5 (expression -> expression DIVIDE expression .) ]
  ! TIMES           [ reduce using rule 5 (expression -> expression DIVIDE expression .) ]
  ! DIVIDE          [ reduce using rule 5 (expression -> expression DIVIDE expression .) ]


state 16

    (1) expression -> LET IDENTIFIER EQUAL . expression
    (1) expression -> . LET IDENTIFIER EQUAL expression
    (2) expression -> . expression PLUS expression
    (3) expression -> . expression MINUS expression
    (4) expression -> . expression TIMES expression
    (5) expression -> . expression DIVIDE expression
    (6) expression -> . NUMBER
    (7) expression -> . IDENTIFIER
    (8) expression -> . LPAREN expression RPAREN

    LET             shift and go to state 2
    NUMBER          shift and go to state 4
    IDENTIFIER      shift and go to state 3
    LPAREN          shift and go to state 5

    expression                     shift and go to state 18

state 17

    (8) expression -> LPAREN expression RPAREN .

    PLUS            reduce using rule 8 (expression -> LPAREN expression RPAREN .)
    MINUS           reduce using rule 8 (expression -> LPAREN expression RPAREN .)
    TIMES           reduce using rule 8 (expression -> LPAREN expression RPAREN .)
    DIVIDE          reduce using rule 8 (expression -> LPAREN expression RPAREN .)
    $end            reduce using rule 8 (expression -> LPAREN expression RPAREN .)
    RPAREN          reduce using rule 8 (expression -> LPAREN expression RPAREN .)


state 18

    (1) expression -> LET IDENTIFIER EQUAL expression .
    (2) expression -> expression . PLUS expression
    (3) expression -> expression . MINUS expression
    (4) expression -> expression . TIMES expression
    (5) expression -> expression . DIVIDE expression

  ! shift/reduce conflict for PLUS resolved as shift
  ! shift/reduce conflict for MINUS resolved as shift
  ! shift/reduce conflict for TIMES resolved as shift
  ! shift/reduce conflict for DIVIDE resolved as shift
    $end            reduce using rule 1 (expression -> LET IDENTIFIER EQUAL expression .)
    RPAREN          reduce using rule 1 (expression -> LET IDENTIFIER EQUAL expression .)
    PLUS            shift and go to state 6
    MINUS           shift and go to state 7
    TIMES           shift and go to state 8
    DIVIDE          shift and go to state 9

  ! PLUS            [ reduce using rule 1 (expression -> LET IDENTIFIER EQUAL expression .) ]
  ! MINUS           [ reduce using rule 1 (expression -> LET IDENTIFIER EQUAL expression .) ]
  ! TIMES           [ reduce using rule 1 (expression -> LET IDENTIFIER EQUAL expression .) ]
  ! DIVIDE          [ reduce using rule 1 (expression -> LET IDENTIFIER EQUAL expression .) ]

WARNING: 
WARNING: Conflicts:
WARNING: 
WARNING: shift/reduce conflict for PLUS in state 12 resolved as shift
WARNING: shift/reduce conflict for MINUS in state 12 resolved as shift
WARNING: shift/reduce conflict for TIMES in state 12 resolved as shift
WARNING: shift/reduce conflict for DIVIDE in state 12 resolved as shift
WARNING: shift/reduce conflict for PLUS in state 13 resolved as shift
WARNING: shift/reduce conflict for MINUS in state 13 resolved as shift
WARNING: shift/reduce conflict for TIMES in state 13 resolved as shift
WARNING: shift/reduce conflict for DIVIDE in state 13 resolved as shift
WARNING: shift/reduce conflict for PLUS in state 14 resolved as shift
WARNING: shift/reduce conflict for MINUS in state 14 resolved as shift
WARNING: shift/reduce conflict for TIMES in state 14 resolved as shift
WARNING: shift/reduce conflict for DIVIDE in state 14 resolved as shift
WARNING: shift/reduce conflict for PLUS in state 15 resolved as shift
WARNING: shift/reduce conflict for MINUS in state 15 resolved as shift
WARNING: shift/reduce conflict for TIMES in state 15 resolved as shift
WARNING: shift/reduce conflict for DIVIDE in state 15 resolved as shift
WARNING: shift/reduce conflict for PLUS in state 18 resolved as shift
WARNING: shift/reduce conflict for MINUS in state 18 resolved as shift
WARNING: shift/reduce conflict for TIMES in state 18 resolved as shift
WARNING: shift/reduce conflict for DIVIDE in state 18 resolved as shift
